<?xml version="1.0" encoding="UTF-8"?>
<testsuite xmlns:xsi="http://www.w3.org/2001/XMLSchema-instance" xsi:noNamespaceSchemaLocation="https://maven.apache.org/surefire/maven-surefire-plugin/xsd/surefire-test-report.xsd" name="com.liu.spring.repository.StudentRespositoryTest" time="7.885" tests="2" errors="0" skipped="0" failures="0">
  <properties>
    <property name="gopherProxySet" value="false"/>
    <property name="awt.toolkit" value="sun.lwawt.macosx.LWCToolkit"/>
    <property name="file.encoding.pkg" value="sun.io"/>
    <property name="java.specification.version" value="1.8"/>
    <property name="sun.cpu.isalist" value=""/>
    <property name="sun.jnu.encoding" value="UTF-8"/>
    <property name="java.class.path" value="/Users/liudongfei/Myworkspace/workspace/java_workspace/ProjectExamples/08_springexample/spring_boot/target/test-classes:/Users/liudongfei/Myworkspace/workspace/java_workspace/ProjectExamples/08_springexample/spring_boot/target/classes:/Users/liudongfei/Myworkspace/workspace/repository/org/springframework/boot/spring-boot-starter-web/2.0.0.RELEASE/spring-boot-starter-web-2.0.0.RELEASE.jar:/Users/liudongfei/Myworkspace/workspace/repository/org/springframework/boot/spring-boot-starter/2.0.0.RELEASE/spring-boot-starter-2.0.0.RELEASE.jar:/Users/liudongfei/Myworkspace/workspace/repository/org/springframework/boot/spring-boot/2.0.0.RELEASE/spring-boot-2.0.0.RELEASE.jar:/Users/liudongfei/Myworkspace/workspace/repository/org/springframework/boot/spring-boot-autoconfigure/2.0.0.RELEASE/spring-boot-autoconfigure-2.0.0.RELEASE.jar:/Users/liudongfei/Myworkspace/workspace/repository/org/springframework/boot/spring-boot-starter-logging/2.0.0.RELEASE/spring-boot-starter-logging-2.0.0.RELEASE.jar:/Users/liudongfei/Myworkspace/workspace/repository/ch/qos/logback/logback-classic/1.2.3/logback-classic-1.2.3.jar:/Users/liudongfei/Myworkspace/workspace/repository/ch/qos/logback/logback-core/1.2.3/logback-core-1.2.3.jar:/Users/liudongfei/Myworkspace/workspace/repository/org/apache/logging/log4j/log4j-to-slf4j/2.10.0/log4j-to-slf4j-2.10.0.jar:/Users/liudongfei/Myworkspace/workspace/repository/org/apache/logging/log4j/log4j-api/2.10.0/log4j-api-2.10.0.jar:/Users/liudongfei/Myworkspace/workspace/repository/org/slf4j/jul-to-slf4j/1.7.25/jul-to-slf4j-1.7.25.jar:/Users/liudongfei/Myworkspace/workspace/repository/javax/annotation/javax.annotation-api/1.3.2/javax.annotation-api-1.3.2.jar:/Users/liudongfei/Myworkspace/workspace/repository/org/yaml/snakeyaml/1.19/snakeyaml-1.19.jar:/Users/liudongfei/Myworkspace/workspace/repository/org/springframework/boot/spring-boot-starter-json/2.0.0.RELEASE/spring-boot-starter-json-2.0.0.RELEASE.jar:/Users/liudongfei/Myworkspace/workspace/repository/com/fasterxml/jackson/core/jackson-databind/2.9.4/jackson-databind-2.9.4.jar:/Users/liudongfei/Myworkspace/workspace/repository/com/fasterxml/jackson/core/jackson-annotations/2.9.0/jackson-annotations-2.9.0.jar:/Users/liudongfei/Myworkspace/workspace/repository/com/fasterxml/jackson/core/jackson-core/2.9.4/jackson-core-2.9.4.jar:/Users/liudongfei/Myworkspace/workspace/repository/com/fasterxml/jackson/datatype/jackson-datatype-jdk8/2.9.4/jackson-datatype-jdk8-2.9.4.jar:/Users/liudongfei/Myworkspace/workspace/repository/com/fasterxml/jackson/datatype/jackson-datatype-jsr310/2.9.4/jackson-datatype-jsr310-2.9.4.jar:/Users/liudongfei/Myworkspace/workspace/repository/com/fasterxml/jackson/module/jackson-module-parameter-names/2.9.4/jackson-module-parameter-names-2.9.4.jar:/Users/liudongfei/Myworkspace/workspace/repository/org/springframework/boot/spring-boot-starter-tomcat/2.0.0.RELEASE/spring-boot-starter-tomcat-2.0.0.RELEASE.jar:/Users/liudongfei/Myworkspace/workspace/repository/org/apache/tomcat/embed/tomcat-embed-core/8.5.28/tomcat-embed-core-8.5.28.jar:/Users/liudongfei/Myworkspace/workspace/repository/org/apache/tomcat/embed/tomcat-embed-el/8.5.28/tomcat-embed-el-8.5.28.jar:/Users/liudongfei/Myworkspace/workspace/repository/org/apache/tomcat/embed/tomcat-embed-websocket/8.5.28/tomcat-embed-websocket-8.5.28.jar:/Users/liudongfei/Myworkspace/workspace/repository/org/hibernate/validator/hibernate-validator/6.0.7.Final/hibernate-validator-6.0.7.Final.jar:/Users/liudongfei/Myworkspace/workspace/repository/javax/validation/validation-api/2.0.1.Final/validation-api-2.0.1.Final.jar:/Users/liudongfei/Myworkspace/workspace/repository/org/jboss/logging/jboss-logging/3.3.2.Final/jboss-logging-3.3.2.Final.jar:/Users/liudongfei/Myworkspace/workspace/repository/com/fasterxml/classmate/1.3.4/classmate-1.3.4.jar:/Users/liudongfei/Myworkspace/workspace/repository/org/springframework/spring-web/5.0.4.RELEASE/spring-web-5.0.4.RELEASE.jar:/Users/liudongfei/Myworkspace/workspace/repository/org/springframework/spring-beans/5.0.4.RELEASE/spring-beans-5.0.4.RELEASE.jar:/Users/liudongfei/Myworkspace/workspace/repository/org/springframework/spring-webmvc/5.0.4.RELEASE/spring-webmvc-5.0.4.RELEASE.jar:/Users/liudongfei/Myworkspace/workspace/repository/org/springframework/spring-aop/5.0.4.RELEASE/spring-aop-5.0.4.RELEASE.jar:/Users/liudongfei/Myworkspace/workspace/repository/org/springframework/spring-context/5.0.4.RELEASE/spring-context-5.0.4.RELEASE.jar:/Users/liudongfei/Myworkspace/workspace/repository/org/springframework/spring-expression/5.0.4.RELEASE/spring-expression-5.0.4.RELEASE.jar:/Users/liudongfei/Myworkspace/workspace/repository/org/mybatis/spring/boot/mybatis-spring-boot-starter/1.1.1/mybatis-spring-boot-starter-1.1.1.jar:/Users/liudongfei/Myworkspace/workspace/repository/org/mybatis/spring/boot/mybatis-spring-boot-autoconfigure/1.1.1/mybatis-spring-boot-autoconfigure-1.1.1.jar:/Users/liudongfei/Myworkspace/workspace/repository/org/mybatis/mybatis/3.4.0/mybatis-3.4.0.jar:/Users/liudongfei/Myworkspace/workspace/repository/org/mybatis/mybatis-spring/1.3.0/mybatis-spring-1.3.0.jar:/Users/liudongfei/Myworkspace/workspace/repository/mysql/mysql-connector-java/5.1.40/mysql-connector-java-5.1.40.jar:/Users/liudongfei/Myworkspace/workspace/repository/org/springframework/boot/spring-boot-starter-data-redis/2.0.0.RELEASE/spring-boot-starter-data-redis-2.0.0.RELEASE.jar:/Users/liudongfei/Myworkspace/workspace/repository/org/springframework/data/spring-data-redis/2.0.5.RELEASE/spring-data-redis-2.0.5.RELEASE.jar:/Users/liudongfei/Myworkspace/workspace/repository/org/springframework/data/spring-data-keyvalue/2.0.5.RELEASE/spring-data-keyvalue-2.0.5.RELEASE.jar:/Users/liudongfei/Myworkspace/workspace/repository/org/springframework/spring-tx/5.0.4.RELEASE/spring-tx-5.0.4.RELEASE.jar:/Users/liudongfei/Myworkspace/workspace/repository/org/springframework/spring-oxm/5.0.4.RELEASE/spring-oxm-5.0.4.RELEASE.jar:/Users/liudongfei/Myworkspace/workspace/repository/org/springframework/spring-context-support/5.0.4.RELEASE/spring-context-support-5.0.4.RELEASE.jar:/Users/liudongfei/Myworkspace/workspace/repository/org/slf4j/slf4j-api/1.7.25/slf4j-api-1.7.25.jar:/Users/liudongfei/Myworkspace/workspace/repository/io/lettuce/lettuce-core/5.0.2.RELEASE/lettuce-core-5.0.2.RELEASE.jar:/Users/liudongfei/Myworkspace/workspace/repository/io/projectreactor/reactor-core/3.1.5.RELEASE/reactor-core-3.1.5.RELEASE.jar:/Users/liudongfei/Myworkspace/workspace/repository/org/reactivestreams/reactive-streams/1.0.2/reactive-streams-1.0.2.jar:/Users/liudongfei/Myworkspace/workspace/repository/io/netty/netty-common/4.1.22.Final/netty-common-4.1.22.Final.jar:/Users/liudongfei/Myworkspace/workspace/repository/io/netty/netty-transport/4.1.22.Final/netty-transport-4.1.22.Final.jar:/Users/liudongfei/Myworkspace/workspace/repository/io/netty/netty-buffer/4.1.22.Final/netty-buffer-4.1.22.Final.jar:/Users/liudongfei/Myworkspace/workspace/repository/io/netty/netty-resolver/4.1.22.Final/netty-resolver-4.1.22.Final.jar:/Users/liudongfei/Myworkspace/workspace/repository/io/netty/netty-handler/4.1.22.Final/netty-handler-4.1.22.Final.jar:/Users/liudongfei/Myworkspace/workspace/repository/io/netty/netty-codec/4.1.22.Final/netty-codec-4.1.22.Final.jar:/Users/liudongfei/Myworkspace/workspace/repository/org/springframework/boot/spring-boot-starter-data-jpa/2.0.0.RELEASE/spring-boot-starter-data-jpa-2.0.0.RELEASE.jar:/Users/liudongfei/Myworkspace/workspace/repository/org/springframework/boot/spring-boot-starter-aop/2.0.0.RELEASE/spring-boot-starter-aop-2.0.0.RELEASE.jar:/Users/liudongfei/Myworkspace/workspace/repository/org/aspectj/aspectjweaver/1.8.13/aspectjweaver-1.8.13.jar:/Users/liudongfei/Myworkspace/workspace/repository/org/springframework/boot/spring-boot-starter-jdbc/2.0.0.RELEASE/spring-boot-starter-jdbc-2.0.0.RELEASE.jar:/Users/liudongfei/Myworkspace/workspace/repository/com/zaxxer/HikariCP/2.7.8/HikariCP-2.7.8.jar:/Users/liudongfei/Myworkspace/workspace/repository/org/springframework/spring-jdbc/5.0.4.RELEASE/spring-jdbc-5.0.4.RELEASE.jar:/Users/liudongfei/Myworkspace/workspace/repository/org/hibernate/hibernate-core/5.2.14.Final/hibernate-core-5.2.14.Final.jar:/Users/liudongfei/Myworkspace/workspace/repository/org/hibernate/javax/persistence/hibernate-jpa-2.1-api/1.0.0.Final/hibernate-jpa-2.1-api-1.0.0.Final.jar:/Users/liudongfei/Myworkspace/workspace/repository/org/javassist/javassist/3.22.0-GA/javassist-3.22.0-GA.jar:/Users/liudongfei/Myworkspace/workspace/repository/antlr/antlr/2.7.7/antlr-2.7.7.jar:/Users/liudongfei/Myworkspace/workspace/repository/org/jboss/jandex/2.0.3.Final/jandex-2.0.3.Final.jar:/Users/liudongfei/Myworkspace/workspace/repository/dom4j/dom4j/1.6.1/dom4j-1.6.1.jar:/Users/liudongfei/Myworkspace/workspace/repository/org/hibernate/common/hibernate-commons-annotations/5.0.1.Final/hibernate-commons-annotations-5.0.1.Final.jar:/Users/liudongfei/Myworkspace/workspace/repository/javax/transaction/javax.transaction-api/1.2/javax.transaction-api-1.2.jar:/Users/liudongfei/Myworkspace/workspace/repository/org/springframework/data/spring-data-jpa/2.0.5.RELEASE/spring-data-jpa-2.0.5.RELEASE.jar:/Users/liudongfei/Myworkspace/workspace/repository/org/springframework/data/spring-data-commons/2.0.5.RELEASE/spring-data-commons-2.0.5.RELEASE.jar:/Users/liudongfei/Myworkspace/workspace/repository/org/springframework/spring-orm/5.0.4.RELEASE/spring-orm-5.0.4.RELEASE.jar:/Users/liudongfei/Myworkspace/workspace/repository/org/springframework/spring-aspects/5.0.4.RELEASE/spring-aspects-5.0.4.RELEASE.jar:/Users/liudongfei/Myworkspace/workspace/repository/org/projectlombok/lombok/1.16.20/lombok-1.16.20.jar:/Users/liudongfei/Myworkspace/workspace/repository/org/springframework/boot/spring-boot-starter-test/2.0.0.RELEASE/spring-boot-starter-test-2.0.0.RELEASE.jar:/Users/liudongfei/Myworkspace/workspace/repository/org/springframework/boot/spring-boot-test/2.0.0.RELEASE/spring-boot-test-2.0.0.RELEASE.jar:/Users/liudongfei/Myworkspace/workspace/repository/org/springframework/boot/spring-boot-test-autoconfigure/2.0.0.RELEASE/spring-boot-test-autoconfigure-2.0.0.RELEASE.jar:/Users/liudongfei/Myworkspace/workspace/repository/com/jayway/jsonpath/json-path/2.4.0/json-path-2.4.0.jar:/Users/liudongfei/Myworkspace/workspace/repository/net/minidev/json-smart/2.3/json-smart-2.3.jar:/Users/liudongfei/Myworkspace/workspace/repository/net/minidev/accessors-smart/1.2/accessors-smart-1.2.jar:/Users/liudongfei/Myworkspace/workspace/repository/org/ow2/asm/asm/5.0.4/asm-5.0.4.jar:/Users/liudongfei/Myworkspace/workspace/repository/junit/junit/4.12/junit-4.12.jar:/Users/liudongfei/Myworkspace/workspace/repository/org/assertj/assertj-core/3.9.1/assertj-core-3.9.1.jar:/Users/liudongfei/Myworkspace/workspace/repository/org/mockito/mockito-core/2.15.0/mockito-core-2.15.0.jar:/Users/liudongfei/Myworkspace/workspace/repository/net/bytebuddy/byte-buddy/1.7.10/byte-buddy-1.7.10.jar:/Users/liudongfei/Myworkspace/workspace/repository/net/bytebuddy/byte-buddy-agent/1.7.10/byte-buddy-agent-1.7.10.jar:/Users/liudongfei/Myworkspace/workspace/repository/org/objenesis/objenesis/2.6/objenesis-2.6.jar:/Users/liudongfei/Myworkspace/workspace/repository/org/hamcrest/hamcrest-core/1.3/hamcrest-core-1.3.jar:/Users/liudongfei/Myworkspace/workspace/repository/org/hamcrest/hamcrest-library/1.3/hamcrest-library-1.3.jar:/Users/liudongfei/Myworkspace/workspace/repository/org/skyscreamer/jsonassert/1.5.0/jsonassert-1.5.0.jar:/Users/liudongfei/Myworkspace/workspace/repository/com/vaadin/external/google/android-json/0.0.20131108.vaadin1/android-json-0.0.20131108.vaadin1.jar:/Users/liudongfei/Myworkspace/workspace/repository/org/springframework/spring-core/5.0.4.RELEASE/spring-core-5.0.4.RELEASE.jar:/Users/liudongfei/Myworkspace/workspace/repository/org/springframework/spring-jcl/5.0.4.RELEASE/spring-jcl-5.0.4.RELEASE.jar:/Users/liudongfei/Myworkspace/workspace/repository/org/springframework/spring-test/5.0.4.RELEASE/spring-test-5.0.4.RELEASE.jar:/Users/liudongfei/Myworkspace/workspace/repository/org/xmlunit/xmlunit-core/2.5.1/xmlunit-core-2.5.1.jar:"/>
    <property name="java.vm.vendor" value="Oracle Corporation"/>
    <property name="sun.arch.data.model" value="64"/>
    <property name="java.vendor.url" value="http://java.oracle.com/"/>
    <property name="user.timezone" value=""/>
    <property name="java.vm.specification.version" value="1.8"/>
    <property name="os.name" value="Mac OS X"/>
    <property name="user.country" value="CN"/>
    <property name="sun.java.launcher" value="SUN_STANDARD"/>
    <property name="sun.boot.library.path" value="/Library/Java/JavaVirtualMachines/jdk1.8.0_181.jdk/Contents/Home/jre/lib"/>
    <property name="sun.java.command" value="/Users/liudongfei/Myworkspace/workspace/java_workspace/ProjectExamples/08_springexample/spring_boot/target/surefire/surefirebooter8489777965243336597.jar /Users/liudongfei/Myworkspace/workspace/java_workspace/ProjectExamples/08_springexample/spring_boot/target/surefire 2020-05-23T11-27-15_689-jvmRun1 surefire5844840775941115861tmp surefire_05153765203773084710tmp"/>
    <property name="surefire.test.class.path" value="/Users/liudongfei/Myworkspace/workspace/java_workspace/ProjectExamples/08_springexample/spring_boot/target/test-classes:/Users/liudongfei/Myworkspace/workspace/java_workspace/ProjectExamples/08_springexample/spring_boot/target/classes:/Users/liudongfei/Myworkspace/workspace/repository/org/springframework/boot/spring-boot-starter-web/2.0.0.RELEASE/spring-boot-starter-web-2.0.0.RELEASE.jar:/Users/liudongfei/Myworkspace/workspace/repository/org/springframework/boot/spring-boot-starter/2.0.0.RELEASE/spring-boot-starter-2.0.0.RELEASE.jar:/Users/liudongfei/Myworkspace/workspace/repository/org/springframework/boot/spring-boot/2.0.0.RELEASE/spring-boot-2.0.0.RELEASE.jar:/Users/liudongfei/Myworkspace/workspace/repository/org/springframework/boot/spring-boot-autoconfigure/2.0.0.RELEASE/spring-boot-autoconfigure-2.0.0.RELEASE.jar:/Users/liudongfei/Myworkspace/workspace/repository/org/springframework/boot/spring-boot-starter-logging/2.0.0.RELEASE/spring-boot-starter-logging-2.0.0.RELEASE.jar:/Users/liudongfei/Myworkspace/workspace/repository/ch/qos/logback/logback-classic/1.2.3/logback-classic-1.2.3.jar:/Users/liudongfei/Myworkspace/workspace/repository/ch/qos/logback/logback-core/1.2.3/logback-core-1.2.3.jar:/Users/liudongfei/Myworkspace/workspace/repository/org/apache/logging/log4j/log4j-to-slf4j/2.10.0/log4j-to-slf4j-2.10.0.jar:/Users/liudongfei/Myworkspace/workspace/repository/org/apache/logging/log4j/log4j-api/2.10.0/log4j-api-2.10.0.jar:/Users/liudongfei/Myworkspace/workspace/repository/org/slf4j/jul-to-slf4j/1.7.25/jul-to-slf4j-1.7.25.jar:/Users/liudongfei/Myworkspace/workspace/repository/javax/annotation/javax.annotation-api/1.3.2/javax.annotation-api-1.3.2.jar:/Users/liudongfei/Myworkspace/workspace/repository/org/yaml/snakeyaml/1.19/snakeyaml-1.19.jar:/Users/liudongfei/Myworkspace/workspace/repository/org/springframework/boot/spring-boot-starter-json/2.0.0.RELEASE/spring-boot-starter-json-2.0.0.RELEASE.jar:/Users/liudongfei/Myworkspace/workspace/repository/com/fasterxml/jackson/core/jackson-databind/2.9.4/jackson-databind-2.9.4.jar:/Users/liudongfei/Myworkspace/workspace/repository/com/fasterxml/jackson/core/jackson-annotations/2.9.0/jackson-annotations-2.9.0.jar:/Users/liudongfei/Myworkspace/workspace/repository/com/fasterxml/jackson/core/jackson-core/2.9.4/jackson-core-2.9.4.jar:/Users/liudongfei/Myworkspace/workspace/repository/com/fasterxml/jackson/datatype/jackson-datatype-jdk8/2.9.4/jackson-datatype-jdk8-2.9.4.jar:/Users/liudongfei/Myworkspace/workspace/repository/com/fasterxml/jackson/datatype/jackson-datatype-jsr310/2.9.4/jackson-datatype-jsr310-2.9.4.jar:/Users/liudongfei/Myworkspace/workspace/repository/com/fasterxml/jackson/module/jackson-module-parameter-names/2.9.4/jackson-module-parameter-names-2.9.4.jar:/Users/liudongfei/Myworkspace/workspace/repository/org/springframework/boot/spring-boot-starter-tomcat/2.0.0.RELEASE/spring-boot-starter-tomcat-2.0.0.RELEASE.jar:/Users/liudongfei/Myworkspace/workspace/repository/org/apache/tomcat/embed/tomcat-embed-core/8.5.28/tomcat-embed-core-8.5.28.jar:/Users/liudongfei/Myworkspace/workspace/repository/org/apache/tomcat/embed/tomcat-embed-el/8.5.28/tomcat-embed-el-8.5.28.jar:/Users/liudongfei/Myworkspace/workspace/repository/org/apache/tomcat/embed/tomcat-embed-websocket/8.5.28/tomcat-embed-websocket-8.5.28.jar:/Users/liudongfei/Myworkspace/workspace/repository/org/hibernate/validator/hibernate-validator/6.0.7.Final/hibernate-validator-6.0.7.Final.jar:/Users/liudongfei/Myworkspace/workspace/repository/javax/validation/validation-api/2.0.1.Final/validation-api-2.0.1.Final.jar:/Users/liudongfei/Myworkspace/workspace/repository/org/jboss/logging/jboss-logging/3.3.2.Final/jboss-logging-3.3.2.Final.jar:/Users/liudongfei/Myworkspace/workspace/repository/com/fasterxml/classmate/1.3.4/classmate-1.3.4.jar:/Users/liudongfei/Myworkspace/workspace/repository/org/springframework/spring-web/5.0.4.RELEASE/spring-web-5.0.4.RELEASE.jar:/Users/liudongfei/Myworkspace/workspace/repository/org/springframework/spring-beans/5.0.4.RELEASE/spring-beans-5.0.4.RELEASE.jar:/Users/liudongfei/Myworkspace/workspace/repository/org/springframework/spring-webmvc/5.0.4.RELEASE/spring-webmvc-5.0.4.RELEASE.jar:/Users/liudongfei/Myworkspace/workspace/repository/org/springframework/spring-aop/5.0.4.RELEASE/spring-aop-5.0.4.RELEASE.jar:/Users/liudongfei/Myworkspace/workspace/repository/org/springframework/spring-context/5.0.4.RELEASE/spring-context-5.0.4.RELEASE.jar:/Users/liudongfei/Myworkspace/workspace/repository/org/springframework/spring-expression/5.0.4.RELEASE/spring-expression-5.0.4.RELEASE.jar:/Users/liudongfei/Myworkspace/workspace/repository/org/mybatis/spring/boot/mybatis-spring-boot-starter/1.1.1/mybatis-spring-boot-starter-1.1.1.jar:/Users/liudongfei/Myworkspace/workspace/repository/org/mybatis/spring/boot/mybatis-spring-boot-autoconfigure/1.1.1/mybatis-spring-boot-autoconfigure-1.1.1.jar:/Users/liudongfei/Myworkspace/workspace/repository/org/mybatis/mybatis/3.4.0/mybatis-3.4.0.jar:/Users/liudongfei/Myworkspace/workspace/repository/org/mybatis/mybatis-spring/1.3.0/mybatis-spring-1.3.0.jar:/Users/liudongfei/Myworkspace/workspace/repository/mysql/mysql-connector-java/5.1.40/mysql-connector-java-5.1.40.jar:/Users/liudongfei/Myworkspace/workspace/repository/org/springframework/boot/spring-boot-starter-data-redis/2.0.0.RELEASE/spring-boot-starter-data-redis-2.0.0.RELEASE.jar:/Users/liudongfei/Myworkspace/workspace/repository/org/springframework/data/spring-data-redis/2.0.5.RELEASE/spring-data-redis-2.0.5.RELEASE.jar:/Users/liudongfei/Myworkspace/workspace/repository/org/springframework/data/spring-data-keyvalue/2.0.5.RELEASE/spring-data-keyvalue-2.0.5.RELEASE.jar:/Users/liudongfei/Myworkspace/workspace/repository/org/springframework/spring-tx/5.0.4.RELEASE/spring-tx-5.0.4.RELEASE.jar:/Users/liudongfei/Myworkspace/workspace/repository/org/springframework/spring-oxm/5.0.4.RELEASE/spring-oxm-5.0.4.RELEASE.jar:/Users/liudongfei/Myworkspace/workspace/repository/org/springframework/spring-context-support/5.0.4.RELEASE/spring-context-support-5.0.4.RELEASE.jar:/Users/liudongfei/Myworkspace/workspace/repository/org/slf4j/slf4j-api/1.7.25/slf4j-api-1.7.25.jar:/Users/liudongfei/Myworkspace/workspace/repository/io/lettuce/lettuce-core/5.0.2.RELEASE/lettuce-core-5.0.2.RELEASE.jar:/Users/liudongfei/Myworkspace/workspace/repository/io/projectreactor/reactor-core/3.1.5.RELEASE/reactor-core-3.1.5.RELEASE.jar:/Users/liudongfei/Myworkspace/workspace/repository/org/reactivestreams/reactive-streams/1.0.2/reactive-streams-1.0.2.jar:/Users/liudongfei/Myworkspace/workspace/repository/io/netty/netty-common/4.1.22.Final/netty-common-4.1.22.Final.jar:/Users/liudongfei/Myworkspace/workspace/repository/io/netty/netty-transport/4.1.22.Final/netty-transport-4.1.22.Final.jar:/Users/liudongfei/Myworkspace/workspace/repository/io/netty/netty-buffer/4.1.22.Final/netty-buffer-4.1.22.Final.jar:/Users/liudongfei/Myworkspace/workspace/repository/io/netty/netty-resolver/4.1.22.Final/netty-resolver-4.1.22.Final.jar:/Users/liudongfei/Myworkspace/workspace/repository/io/netty/netty-handler/4.1.22.Final/netty-handler-4.1.22.Final.jar:/Users/liudongfei/Myworkspace/workspace/repository/io/netty/netty-codec/4.1.22.Final/netty-codec-4.1.22.Final.jar:/Users/liudongfei/Myworkspace/workspace/repository/org/springframework/boot/spring-boot-starter-data-jpa/2.0.0.RELEASE/spring-boot-starter-data-jpa-2.0.0.RELEASE.jar:/Users/liudongfei/Myworkspace/workspace/repository/org/springframework/boot/spring-boot-starter-aop/2.0.0.RELEASE/spring-boot-starter-aop-2.0.0.RELEASE.jar:/Users/liudongfei/Myworkspace/workspace/repository/org/aspectj/aspectjweaver/1.8.13/aspectjweaver-1.8.13.jar:/Users/liudongfei/Myworkspace/workspace/repository/org/springframework/boot/spring-boot-starter-jdbc/2.0.0.RELEASE/spring-boot-starter-jdbc-2.0.0.RELEASE.jar:/Users/liudongfei/Myworkspace/workspace/repository/com/zaxxer/HikariCP/2.7.8/HikariCP-2.7.8.jar:/Users/liudongfei/Myworkspace/workspace/repository/org/springframework/spring-jdbc/5.0.4.RELEASE/spring-jdbc-5.0.4.RELEASE.jar:/Users/liudongfei/Myworkspace/workspace/repository/org/hibernate/hibernate-core/5.2.14.Final/hibernate-core-5.2.14.Final.jar:/Users/liudongfei/Myworkspace/workspace/repository/org/hibernate/javax/persistence/hibernate-jpa-2.1-api/1.0.0.Final/hibernate-jpa-2.1-api-1.0.0.Final.jar:/Users/liudongfei/Myworkspace/workspace/repository/org/javassist/javassist/3.22.0-GA/javassist-3.22.0-GA.jar:/Users/liudongfei/Myworkspace/workspace/repository/antlr/antlr/2.7.7/antlr-2.7.7.jar:/Users/liudongfei/Myworkspace/workspace/repository/org/jboss/jandex/2.0.3.Final/jandex-2.0.3.Final.jar:/Users/liudongfei/Myworkspace/workspace/repository/dom4j/dom4j/1.6.1/dom4j-1.6.1.jar:/Users/liudongfei/Myworkspace/workspace/repository/org/hibernate/common/hibernate-commons-annotations/5.0.1.Final/hibernate-commons-annotations-5.0.1.Final.jar:/Users/liudongfei/Myworkspace/workspace/repository/javax/transaction/javax.transaction-api/1.2/javax.transaction-api-1.2.jar:/Users/liudongfei/Myworkspace/workspace/repository/org/springframework/data/spring-data-jpa/2.0.5.RELEASE/spring-data-jpa-2.0.5.RELEASE.jar:/Users/liudongfei/Myworkspace/workspace/repository/org/springframework/data/spring-data-commons/2.0.5.RELEASE/spring-data-commons-2.0.5.RELEASE.jar:/Users/liudongfei/Myworkspace/workspace/repository/org/springframework/spring-orm/5.0.4.RELEASE/spring-orm-5.0.4.RELEASE.jar:/Users/liudongfei/Myworkspace/workspace/repository/org/springframework/spring-aspects/5.0.4.RELEASE/spring-aspects-5.0.4.RELEASE.jar:/Users/liudongfei/Myworkspace/workspace/repository/org/projectlombok/lombok/1.16.20/lombok-1.16.20.jar:/Users/liudongfei/Myworkspace/workspace/repository/org/springframework/boot/spring-boot-starter-test/2.0.0.RELEASE/spring-boot-starter-test-2.0.0.RELEASE.jar:/Users/liudongfei/Myworkspace/workspace/repository/org/springframework/boot/spring-boot-test/2.0.0.RELEASE/spring-boot-test-2.0.0.RELEASE.jar:/Users/liudongfei/Myworkspace/workspace/repository/org/springframework/boot/spring-boot-test-autoconfigure/2.0.0.RELEASE/spring-boot-test-autoconfigure-2.0.0.RELEASE.jar:/Users/liudongfei/Myworkspace/workspace/repository/com/jayway/jsonpath/json-path/2.4.0/json-path-2.4.0.jar:/Users/liudongfei/Myworkspace/workspace/repository/net/minidev/json-smart/2.3/json-smart-2.3.jar:/Users/liudongfei/Myworkspace/workspace/repository/net/minidev/accessors-smart/1.2/accessors-smart-1.2.jar:/Users/liudongfei/Myworkspace/workspace/repository/org/ow2/asm/asm/5.0.4/asm-5.0.4.jar:/Users/liudongfei/Myworkspace/workspace/repository/junit/junit/4.12/junit-4.12.jar:/Users/liudongfei/Myworkspace/workspace/repository/org/assertj/assertj-core/3.9.1/assertj-core-3.9.1.jar:/Users/liudongfei/Myworkspace/workspace/repository/org/mockito/mockito-core/2.15.0/mockito-core-2.15.0.jar:/Users/liudongfei/Myworkspace/workspace/repository/net/bytebuddy/byte-buddy/1.7.10/byte-buddy-1.7.10.jar:/Users/liudongfei/Myworkspace/workspace/repository/net/bytebuddy/byte-buddy-agent/1.7.10/byte-buddy-agent-1.7.10.jar:/Users/liudongfei/Myworkspace/workspace/repository/org/objenesis/objenesis/2.6/objenesis-2.6.jar:/Users/liudongfei/Myworkspace/workspace/repository/org/hamcrest/hamcrest-core/1.3/hamcrest-core-1.3.jar:/Users/liudongfei/Myworkspace/workspace/repository/org/hamcrest/hamcrest-library/1.3/hamcrest-library-1.3.jar:/Users/liudongfei/Myworkspace/workspace/repository/org/skyscreamer/jsonassert/1.5.0/jsonassert-1.5.0.jar:/Users/liudongfei/Myworkspace/workspace/repository/com/vaadin/external/google/android-json/0.0.20131108.vaadin1/android-json-0.0.20131108.vaadin1.jar:/Users/liudongfei/Myworkspace/workspace/repository/org/springframework/spring-core/5.0.4.RELEASE/spring-core-5.0.4.RELEASE.jar:/Users/liudongfei/Myworkspace/workspace/repository/org/springframework/spring-jcl/5.0.4.RELEASE/spring-jcl-5.0.4.RELEASE.jar:/Users/liudongfei/Myworkspace/workspace/repository/org/springframework/spring-test/5.0.4.RELEASE/spring-test-5.0.4.RELEASE.jar:/Users/liudongfei/Myworkspace/workspace/repository/org/xmlunit/xmlunit-core/2.5.1/xmlunit-core-2.5.1.jar:"/>
    <property name="sun.cpu.endian" value="little"/>
    <property name="user.home" value="/Users/liudongfei"/>
    <property name="user.language" value="en"/>
    <property name="java.specification.vendor" value="Oracle Corporation"/>
    <property name="java.home" value="/Library/Java/JavaVirtualMachines/jdk1.8.0_181.jdk/Contents/Home/jre"/>
    <property name="basedir" value="/Users/liudongfei/Myworkspace/workspace/java_workspace/ProjectExamples/08_springexample/spring_boot"/>
    <property name="file.separator" value="/"/>
    <property name="line.separator" value="&#10;"/>
    <property name="java.vm.specification.vendor" value="Oracle Corporation"/>
    <property name="java.specification.name" value="Java Platform API Specification"/>
    <property name="java.awt.graphicsenv" value="sun.awt.CGraphicsEnvironment"/>
    <property name="surefire.real.class.path" value="/Users/liudongfei/Myworkspace/workspace/java_workspace/ProjectExamples/08_springexample/spring_boot/target/surefire/surefirebooter8489777965243336597.jar"/>
    <property name="sun.boot.class.path" value="/Library/Java/JavaVirtualMachines/jdk1.8.0_181.jdk/Contents/Home/jre/lib/resources.jar:/Library/Java/JavaVirtualMachines/jdk1.8.0_181.jdk/Contents/Home/jre/lib/rt.jar:/Library/Java/JavaVirtualMachines/jdk1.8.0_181.jdk/Contents/Home/jre/lib/sunrsasign.jar:/Library/Java/JavaVirtualMachines/jdk1.8.0_181.jdk/Contents/Home/jre/lib/jsse.jar:/Library/Java/JavaVirtualMachines/jdk1.8.0_181.jdk/Contents/Home/jre/lib/jce.jar:/Library/Java/JavaVirtualMachines/jdk1.8.0_181.jdk/Contents/Home/jre/lib/charsets.jar:/Library/Java/JavaVirtualMachines/jdk1.8.0_181.jdk/Contents/Home/jre/lib/jfr.jar:/Library/Java/JavaVirtualMachines/jdk1.8.0_181.jdk/Contents/Home/jre/classes"/>
    <property name="sun.management.compiler" value="HotSpot 64-Bit Tiered Compilers"/>
    <property name="java.runtime.version" value="1.8.0_181-b13"/>
    <property name="user.name" value="liudongfei"/>
    <property name="path.separator" value=":"/>
    <property name="os.version" value="10.13.6"/>
    <property name="java.endorsed.dirs" value="/Library/Java/JavaVirtualMachines/jdk1.8.0_181.jdk/Contents/Home/jre/lib/endorsed"/>
    <property name="java.runtime.name" value="Java(TM) SE Runtime Environment"/>
    <property name="file.encoding" value="UTF-8"/>
    <property name="java.vm.name" value="Java HotSpot(TM) 64-Bit Server VM"/>
    <property name="localRepository" value="/Users/liudongfei/Myworkspace/workspace/repository"/>
    <property name="java.vendor.url.bug" value="http://bugreport.sun.com/bugreport/"/>
    <property name="java.io.tmpdir" value="/var/folders/99/r_w8rqf50yq620qss6llhwvw0000gn/T/"/>
    <property name="java.version" value="1.8.0_181"/>
    <property name="user.dir" value="/Users/liudongfei/Myworkspace/workspace/java_workspace/ProjectExamples/08_springexample/spring_boot"/>
    <property name="os.arch" value="x86_64"/>
    <property name="java.vm.specification.name" value="Java Virtual Machine Specification"/>
    <property name="java.awt.printerjob" value="sun.lwawt.macosx.CPrinterJob"/>
    <property name="idea.version2019.3.1" value="true"/>
    <property name="sun.os.patch.level" value="unknown"/>
    <property name="java.library.path" value="/Users/liudongfei/Library/Java/Extensions:/Library/Java/Extensions:/Network/Library/Java/Extensions:/System/Library/Java/Extensions:/usr/lib/java:."/>
    <property name="java.vm.info" value="mixed mode"/>
    <property name="java.vendor" value="Oracle Corporation"/>
    <property name="java.vm.version" value="25.181-b13"/>
    <property name="java.ext.dirs" value="/Users/liudongfei/Library/Java/Extensions:/Library/Java/JavaVirtualMachines/jdk1.8.0_181.jdk/Contents/Home/jre/lib/ext:/Library/Java/Extensions:/Network/Library/Java/Extensions:/System/Library/Java/Extensions:/usr/lib/java"/>
    <property name="sun.io.unicode.encoding" value="UnicodeBig"/>
    <property name="maven.repo.local" value="/Users/liudongfei/Myworkspace/workspace/repository"/>
    <property name="java.class.version" value="52.0"/>
  </properties>
  <testcase name="findAll" classname="com.liu.spring.repository.StudentRespositoryTest" time="0.6"/>
  <testcase name="count" classname="com.liu.spring.repository.StudentRespositoryTest" time="0.039"/>
</testsuite>